2024-05-03 03:01:10 [Thread 0x00007fffffa60e40]: <trace> Initializing server logging
2024-05-03 03:01:10 [Thread 0x00007fffffa60e40]: <info> Server starting up
2024-05-03 03:01:10 [Thread 0x00007fffffa60e40]: <debug> Ready to accept new connection
2024-05-03 03:01:10 [Thread 0x00007fffffa60e40]: <debug> Server initialized successfully on port: 8080
2024-05-03 03:02:04 [Thread 0x00007fffffa60e40]: <info> Accepted new connection
2024-05-03 03:02:04 [Thread 0x00007fffffa60e40]: <info> Connection from: 127.0.0.1:33464
2024-05-03 03:02:04 [Thread 0x00007fffffa60e40]: <info> Session started successfully
2024-05-03 03:02:04 [Thread 0x00007fffffa60e40]: <debug> Ready to accept new connection
2024-05-03 03:02:04 [Thread 0x00007fffffa60e40]: <debug> Data read successfully: 65 bytes
2024-05-03 03:02:04 [Thread 0x00007fffffa60e40]: <trace> Parsing request: GET /echo1/a.txt HTTP/1.1
Host: localhost
Connection: close

2024-05-03 03:02:04 [Thread 0x00007fffffa60e40]: <info> Received request for /echo1/a.txt using method GET
2024-05-03 03:02:04 [Thread 0x00007fffffa60e40]: <info> Request parsed: GET /echo1/a.txt
2024-05-03 03:02:04 [Thread 0x00007fffffa60e40]: <debug> Echo request handling started
2024-05-03 03:02:04 [Thread 0x00007fffffa60e40]: <info> Echo response sent and connection closing.
2024-05-03 03:03:07 [Thread 0x00007fffffa60e40]: <info> Accepted new connection
2024-05-03 03:03:07 [Thread 0x00007fffffa60e40]: <info> Connection from: 127.0.0.1:57480
2024-05-03 03:03:07 [Thread 0x00007fffffa60e40]: <info> Session started successfully
2024-05-03 03:03:07 [Thread 0x00007fffffa60e40]: <debug> Ready to accept new connection
2024-05-03 03:03:07 [Thread 0x00007fffffa60e40]: <debug> Data read successfully: 67 bytes
2024-05-03 03:03:07 [Thread 0x00007fffffa60e40]: <trace> Parsing request: GET /static/c.html HTTP/1.1
Host: localhost
Connection: close

2024-05-03 03:03:07 [Thread 0x00007fffffa60e40]: <info> Received request for /static/c.html using method GET
2024-05-03 03:03:07 [Thread 0x00007fffffa60e40]: <info> Request parsed: GET /static/c.html
2024-05-03 03:03:07 [Thread 0x00007fffffa60e40]: <info> Serving file: ../files/c.html
2024-05-03 03:03:07 [Thread 0x00007fffffa60e40]: <info> File transmission completed for: ../files/c.html
2024-05-03 03:03:34 [Thread 0x00007fffffa60e40]: <info> Accepted new connection
2024-05-03 03:03:34 [Thread 0x00007fffffa60e40]: <info> Connection from: 127.0.0.1:53476
2024-05-03 03:03:34 [Thread 0x00007fffffa60e40]: <info> Session started successfully
2024-05-03 03:03:34 [Thread 0x00007fffffa60e40]: <debug> Ready to accept new connection
2024-05-03 03:03:34 [Thread 0x00007fffffa60e40]: <debug> Data read successfully: 67 bytes
2024-05-03 03:03:34 [Thread 0x00007fffffa60e40]: <trace> Parsing request: GET /static/c.html HTTP/1.1
Host: localhost
Connection: close

2024-05-03 03:03:34 [Thread 0x00007fffffa60e40]: <info> Received request for /static/c.html using method GET
2024-05-03 03:03:34 [Thread 0x00007fffffa60e40]: <info> Request parsed: GET /static/c.html
2024-05-03 03:03:34 [Thread 0x00007fffffa60e40]: <info> Serving file: ../files/c.html
2024-05-03 03:03:34 [Thread 0x00007fffffa60e40]: <info> File transmission completed for: ../files/c.html
2024-05-03 03:04:18 [Thread 0x00007fffffa60e40]: <info> Accepted new connection
2024-05-03 03:04:18 [Thread 0x00007fffffa60e40]: <info> Connection from: 127.0.0.1:42308
2024-05-03 03:04:18 [Thread 0x00007fffffa60e40]: <info> Session started successfully
2024-05-03 03:04:18 [Thread 0x00007fffffa60e40]: <debug> Ready to accept new connection
2024-05-03 03:04:18 [Thread 0x00007fffffa60e40]: <debug> Data read successfully: 66 bytes
2024-05-03 03:04:18 [Thread 0x00007fffffa60e40]: <trace> Parsing request: GET /static/a.txt HTTP/1.1
Host: localhost
Connection: close

2024-05-03 03:04:18 [Thread 0x00007fffffa60e40]: <info> Received request for /static/a.txt using method GET
2024-05-03 03:04:18 [Thread 0x00007fffffa60e40]: <info> Request parsed: GET /static/a.txt
2024-05-03 03:04:18 [Thread 0x00007fffffa60e40]: <info> Serving file: ../files/a.txt
2024-05-03 03:04:18 [Thread 0x00007fffffa60e40]: <info> File transmission completed for: ../files/a.txt
2024-05-03 03:04:43 [Thread 0x00007fffffa60e40]: <info> Accepted new connection
2024-05-03 03:04:43 [Thread 0x00007fffffa60e40]: <info> Connection from: 127.0.0.1:42498
2024-05-03 03:04:43 [Thread 0x00007fffffa60e40]: <info> Session started successfully
2024-05-03 03:04:43 [Thread 0x00007fffffa60e40]: <debug> Ready to accept new connection
2024-05-03 03:04:43 [Thread 0x00007fffffa60e40]: <debug> Data read successfully: 66 bytes
2024-05-03 03:04:43 [Thread 0x00007fffffa60e40]: <trace> Parsing request: GET /static/b.png HTTP/1.1
Host: localhost
Connection: close

2024-05-03 03:04:43 [Thread 0x00007fffffa60e40]: <info> Received request for /static/b.png using method GET
2024-05-03 03:04:43 [Thread 0x00007fffffa60e40]: <info> Request parsed: GET /static/b.png
2024-05-03 03:04:43 [Thread 0x00007fffffa60e40]: <info> Serving file: ../files/b.png
2024-05-03 03:04:44 [Thread 0x00007fffffa60e40]: <info> File transmission completed for: ../files/b.png
2024-05-03 03:06:07 [Thread 0x00007fffffa60e40]: <info> Accepted new connection
2024-05-03 03:06:07 [Thread 0x00007fffffa60e40]: <info> Connection from: 127.0.0.1:41496
2024-05-03 03:06:07 [Thread 0x00007fffffa60e40]: <info> Session started successfully
2024-05-03 03:06:07 [Thread 0x00007fffffa60e40]: <debug> Ready to accept new connection
2024-05-03 03:06:07 [Thread 0x00007fffffa60e40]: <debug> Data read successfully: 65 bytes
2024-05-03 03:06:07 [Thread 0x00007fffffa60e40]: <trace> Parsing request: GET /echo1/b.png HTTP/1.1
Host: localhost
Connection: close

2024-05-03 03:06:07 [Thread 0x00007fffffa60e40]: <info> Received request for /echo1/b.png using method GET
2024-05-03 03:06:07 [Thread 0x00007fffffa60e40]: <info> Request parsed: GET /echo1/b.png
2024-05-03 03:06:07 [Thread 0x00007fffffa60e40]: <debug> Echo request handling started
2024-05-03 03:06:07 [Thread 0x00007fffffa60e40]: <info> Echo response sent and connection closing.
2024-05-03 03:06:40 [Thread 0x00007fffffa60e40]: <info> Accepted new connection
2024-05-03 03:06:40 [Thread 0x00007fffffa60e40]: <info> Connection from: 127.0.0.1:50014
2024-05-03 03:06:40 [Thread 0x00007fffffa60e40]: <info> Session started successfully
2024-05-03 03:06:40 [Thread 0x00007fffffa60e40]: <debug> Ready to accept new connection
2024-05-03 03:06:40 [Thread 0x00007fffffa60e40]: <debug> Data read successfully: 67 bytes
2024-05-03 03:06:40 [Thread 0x00007fffffa60e40]: <trace> Parsing request: GET /static/d.html HTTP/1.1
Host: localhost
Connection: close

2024-05-03 03:06:40 [Thread 0x00007fffffa60e40]: <info> Received request for /static/d.html using method GET
2024-05-03 03:06:40 [Thread 0x00007fffffa60e40]: <info> Request parsed: GET /static/d.html
2024-05-03 03:06:40 [Thread 0x00007fffffa60e40]: <error> Failed to open file: ../files/d.html
2024-05-03 03:06:40 [Thread 0x00007fffffa60e40]: <warning> Sending error response: 404 File Not Found
2024-05-03 03:06:40 [Thread 0x00007fffffa60e40]: <info> Error response sent and connection closing.
2024-05-03 03:10:06 [Thread 0x00007fffffa60e40]: <info> Accepted new connection
2024-05-03 03:10:06 [Thread 0x00007fffffa60e40]: <info> Connection from: 127.0.0.1:42298
2024-05-03 03:10:06 [Thread 0x00007fffffa60e40]: <info> Session started successfully
2024-05-03 03:10:06 [Thread 0x00007fffffa60e40]: <debug> Ready to accept new connection
2024-05-03 03:10:06 [Thread 0x00007fffffa60e40]: <debug> Data read successfully: 66 bytes
2024-05-03 03:10:06 [Thread 0x00007fffffa60e40]: <trace> Parsing request: GET /static/a.txt HTTP/1.1
Host: localhost
Connection: close

2024-05-03 03:10:06 [Thread 0x00007fffffa60e40]: <info> Received request for /static/a.txt using method GET
2024-05-03 03:10:06 [Thread 0x00007fffffa60e40]: <info> Request parsed: GET /static/a.txt
2024-05-03 03:10:06 [Thread 0x00007fffffa60e40]: <info> Serving file: ../files/a.txt
2024-05-03 03:10:06 [Thread 0x00007fffffa60e40]: <info> File transmission completed for: ../files/a.txt
