2024-05-03 02:45:22 [Thread 0x00007fffffa60e40]: <trace> Initializing server logging
2024-05-03 02:45:22 [Thread 0x00007fffffa60e40]: <info> Server starting up
2024-05-03 02:45:22 [Thread 0x00007fffffa60e40]: <debug> Ready to accept new connection
2024-05-03 02:45:22 [Thread 0x00007fffffa60e40]: <debug> Server initialized successfully on port: 8080
2024-05-03 02:46:55 [Thread 0x00007fffffa60e40]: <info> Accepted new connection
2024-05-03 02:46:55 [Thread 0x00007fffffa60e40]: <info> Connection from: 127.0.0.1:40592
2024-05-03 02:46:55 [Thread 0x00007fffffa60e40]: <info> Session started successfully
2024-05-03 02:46:55 [Thread 0x00007fffffa60e40]: <debug> Ready to accept new connection
2024-05-03 02:46:55 [Thread 0x00007fffffa60e40]: <debug> Data read successfully: 67 bytes
2024-05-03 02:46:55 [Thread 0x00007fffffa60e40]: <trace> Parsing request: GET /static/c.html HTTP/1.1
Host: localhost
Connection: close

2024-05-03 02:46:55 [Thread 0x00007fffffa60e40]: <info> Received request for /static/c.html using method GET
2024-05-03 02:46:55 [Thread 0x00007fffffa60e40]: <info> Request parsed: GET /static/c.html
2024-05-03 02:46:55 [Thread 0x00007fffffa60e40]: <info> Serving file: ../files/c.html
2024-05-03 02:48:14 [Thread 0x00007fffffa60e40]: <info> Accepted new connection
2024-05-03 02:48:14 [Thread 0x00007fffffa60e40]: <info> Connection from: 127.0.0.1:39258
2024-05-03 02:48:14 [Thread 0x00007fffffa60e40]: <info> Session started successfully
2024-05-03 02:48:14 [Thread 0x00007fffffa60e40]: <debug> Ready to accept new connection
2024-05-03 02:48:14 [Thread 0x00007fffffa60e40]: <debug> Data read successfully: 65 bytes
2024-05-03 02:48:14 [Thread 0x00007fffffa60e40]: <trace> Parsing request: GET /echo1/a.txt HTTP/1.1
Host: localhost
Connection: close

2024-05-03 02:48:14 [Thread 0x00007fffffa60e40]: <info> Received request for /echo1/a.txt using method GET
2024-05-03 02:48:14 [Thread 0x00007fffffa60e40]: <info> Request parsed: GET /echo1/a.txt
2024-05-03 02:48:14 [Thread 0x00007fffffa60e40]: <debug> Echo request handling started
2024-05-03 02:48:55 [Thread 0x00007fffffa60e40]: <info> Accepted new connection
2024-05-03 02:48:55 [Thread 0x00007fffffa60e40]: <info> Connection from: 127.0.0.1:41218
2024-05-03 02:48:55 [Thread 0x00007fffffa60e40]: <info> Session started successfully
2024-05-03 02:48:55 [Thread 0x00007fffffa60e40]: <debug> Ready to accept new connection
2024-05-03 02:48:55 [Thread 0x00007fffffa60e40]: <debug> Data read successfully: 66 bytes
2024-05-03 02:48:55 [Thread 0x00007fffffa60e40]: <trace> Parsing request: GET /static/a.txt HTTP/1.1
Host: localhost
Connection: close

2024-05-03 02:48:55 [Thread 0x00007fffffa60e40]: <info> Received request for /static/a.txt using method GET
2024-05-03 02:48:55 [Thread 0x00007fffffa60e40]: <info> Request parsed: GET /static/a.txt
2024-05-03 02:48:55 [Thread 0x00007fffffa60e40]: <info> Serving file: ../files/a.txt
2024-05-03 02:51:37 [Thread 0x00007fffffa60e40]: <info> Accepted new connection
2024-05-03 02:51:37 [Thread 0x00007fffffa60e40]: <info> Connection from: 127.0.0.1:56358
2024-05-03 02:51:37 [Thread 0x00007fffffa60e40]: <info> Session started successfully
2024-05-03 02:51:37 [Thread 0x00007fffffa60e40]: <debug> Ready to accept new connection
2024-05-03 02:51:37 [Thread 0x00007fffffa60e40]: <debug> Data read successfully: 67 bytes
2024-05-03 02:51:37 [Thread 0x00007fffffa60e40]: <trace> Parsing request: GET /static/c.txt HTTP/1.1cr
Host: localhost
Connection: close

2024-05-03 02:51:37 [Thread 0x00007fffffa60e40]: <info> Received request for /static/c.txt using method GET
2024-05-03 02:51:37 [Thread 0x00007fffffa60e40]: <info> Request parsed: GET /static/c.txt
2024-05-03 02:51:37 [Thread 0x00007fffffa60e40]: <error> Failed to open file: ../files/c.txt
2024-05-03 02:52:18 [Thread 0x00007fffffa60e40]: <info> Accepted new connection
2024-05-03 02:52:18 [Thread 0x00007fffffa60e40]: <info> Connection from: 127.0.0.1:53330
2024-05-03 02:52:18 [Thread 0x00007fffffa60e40]: <info> Session started successfully
2024-05-03 02:52:18 [Thread 0x00007fffffa60e40]: <debug> Ready to accept new connection
2024-05-03 02:52:18 [Thread 0x00007fffffa60e40]: <debug> Data read successfully: 54 bytes
2024-05-03 02:52:18 [Thread 0x00007fffffa60e40]: <trace> Parsing request: GET  HTTP/1.1cr
Host: localhost
Connection: close

2024-05-03 02:52:18 [Thread 0x00007fffffa60e40]: <info> Received request for HTTP/1.1cr using method GET
2024-05-03 02:52:18 [Thread 0x00007fffffa60e40]: <info> Request parsed: GET HTTP/1.1cr
